
> hackathon@0.1.0 dev
> next dev

▲ Next.js 16.1.6 (Turbopack)
- Local:         http://localhost:3000
- Network:       http://192.168.21.66:3000
- Environments: .env.local

✓ Starting...
✓ Ready in 332ms
 GET / 200 in 346ms (compile: 254ms, render: 92ms)
API Route Hit {
  messages: [ { role: 'user', content: 'What is the capital of France?' } ],
  context: 'The capital of France is Paris.'
}
Before streamText call
⨯ Error: failed to pipe response
    at ignore-listed frames {
  [cause]: Error: Unhandled chunk type: stream-start
      at ignore-listed frames
}
 POST /api/chat 500 in 5.7s (compile: 68ms, render: 5.7s)
